2024-12-06 08:18:25 [Leitura-2] INFO  edu.ifpb.Main - Leitura-2 Está lendo
2024-12-06 08:18:25 [Leitura-1] INFO  edu.ifpb.Main - Leitura-1 Está lendo
2024-12-06 08:18:25 [Leitura-3] INFO  edu.ifpb.Main - Leitura-3 Está lendo
2024-12-06 08:18:25 [Leitura-2] INFO  edu.ifpb.Main - rapazzz
2024-12-06 08:18:25 [Leitura-1] INFO  edu.ifpb.Main - rapazzz
2024-12-06 08:18:25 [Leitura-3] INFO  edu.ifpb.Main - rapazzz
2024-12-06 08:18:54 [Leitura-1] INFO  edu.ifpb.Main - Leitura-1 Está lendo
2024-12-06 08:18:54 [Leitura-3] INFO  edu.ifpb.Main - Leitura-3 Está lendo
2024-12-06 08:18:54 [Leitura-2] INFO  edu.ifpb.Main - Leitura-2 Está lendo
2024-12-06 08:18:54 [Leitura-1] INFO  edu.ifpb.Main - rapazzz
2024-12-06 08:18:54 [Leitura-3] INFO  edu.ifpb.Main - rapazzz
2024-12-06 08:18:54 [Leitura-2] INFO  edu.ifpb.Main - rapazzz
2024-12-06 08:19:23 [Leitura-1] INFO  edu.ifpb.Main - Leitura-1 Está lendo
2024-12-06 08:19:23 [Leitura-3] INFO  edu.ifpb.Main - Leitura-3 Está lendo
2024-12-06 08:19:23 [Leitura-2] INFO  edu.ifpb.Main - Leitura-2 Está lendo
2024-12-06 08:19:23 [Leitura-1] INFO  edu.ifpb.Main - rapazzz
2024-12-06 08:19:23 [Leitura-3] INFO  edu.ifpb.Main - rapazzz
2024-12-06 08:19:23 [Leitura-2] INFO  edu.ifpb.Main - rapazzz
08:19:45 [Leitura-3] INFO  edu.ifpb.Main - Leitura-3 Está lendo
08:19:45 [Leitura-1] INFO  edu.ifpb.Main - Leitura-1 Está lendo
08:19:45 [Leitura-2] INFO  edu.ifpb.Main - Leitura-2 Está lendo
08:19:45 [Leitura-3] INFO  edu.ifpb.Main - rapazzz
08:19:45 [Leitura-1] INFO  edu.ifpb.Main - rapazzz
08:19:45 [Leitura-2] INFO  edu.ifpb.Main - rapazzz
08:20:23 [Leitura-2] INFO  edu.ifpb.Main - Leitura-2 Está lendo
08:20:23 [Leitura-3] INFO  edu.ifpb.Main - Leitura-3 Está lendo
08:20:23 [Leitura-1] INFO  edu.ifpb.Main - Leitura-1 Está lendo
08:20:23 [Leitura-2] INFO  edu.ifpb.Main - Leitura-2 leu o valor: 0
08:20:23 [Leitura-1] INFO  edu.ifpb.Main - Leitura-1 leu o valor: 0
08:20:23 [Leitura-3] INFO  edu.ifpb.Main - Leitura-3 leu o valor: 0
08:20:23 [Escrita] INFO  edu.ifpb.Main - Escrita escreveu o valor: 42
08:21:26 [Escrita] WARN  edu.ifpb.Main - Aguardando leitores
08:21:26 [Leitura-2] INFO  edu.ifpb.Main - Leitura-2 Está lendo
08:21:26 [Leitura-3] INFO  edu.ifpb.Main - Leitura-3 Está lendo
08:21:26 [Leitura-1] INFO  edu.ifpb.Main - Leitura-1 Está lendo
08:21:26 [Leitura-2] INFO  edu.ifpb.Main - Leitura-2 leu o valor: 0
08:21:26 [Leitura-3] INFO  edu.ifpb.Main - Leitura-3 leu o valor: 0
08:21:26 [Leitura-1] INFO  edu.ifpb.Main - Leitura-1 leu o valor: 0
08:21:26 [Escrita] INFO  edu.ifpb.Main - Escrita escreveu o valor: 42
08:22:24 [Leitura-3] INFO  edu.ifpb.Main - Leitura-3 Está lendo
08:22:24 [Leitura-1] INFO  edu.ifpb.Main - Leitura-1 Está lendo
08:22:24 [Leitura-2] INFO  edu.ifpb.Main - Leitura-2 Está lendo
08:22:24 [Escrita] WARN  edu.ifpb.Main - Escrita - Aguardando leitores
08:22:24 [Leitura-3] INFO  edu.ifpb.Main - Leitura-3 leu o valor: 0
08:22:24 [Leitura-1] INFO  edu.ifpb.Main - Leitura-1 leu o valor: 0
08:22:24 [Leitura-2] INFO  edu.ifpb.Main - Leitura-2 leu o valor: 0
08:22:24 [Escrita] INFO  edu.ifpb.Main - Escrita escreveu o valor: 42
08:22:57 [Escrita] WARN  edu.ifpb.Main - Escrita - Aguardando leitores deixarem a região crítica!
08:22:57 [Leitura-2] INFO  edu.ifpb.Main - Leitura-2 Está lendo
08:22:57 [Leitura-3] INFO  edu.ifpb.Main - Leitura-3 Está lendo
08:22:57 [Leitura-1] INFO  edu.ifpb.Main - Leitura-1 Está lendo
08:22:57 [Leitura-1] INFO  edu.ifpb.Main - Leitura-1 leu o valor: 0
08:22:57 [Leitura-2] INFO  edu.ifpb.Main - Leitura-2 leu o valor: 0
08:22:57 [Leitura-3] INFO  edu.ifpb.Main - Leitura-3 leu o valor: 0
08:22:57 [Escrita] INFO  edu.ifpb.Main - Escrita escreveu o valor: 42
08:23:13 [Leitura-3] INFO  edu.ifpb.Main - Leitura-3 Está lendo
08:23:13 [Leitura-1] INFO  edu.ifpb.Main - Leitura-1 Está lendo
08:23:13 [Escrita] WARN  edu.ifpb.Main - Escrita - Aguardando leitores deixarem a região crítica!
08:23:13 [Leitura-2] INFO  edu.ifpb.Main - Leitura-2 Está lendo
08:23:13 [Leitura-3] INFO  edu.ifpb.Main - Leitura-3 leu o valor: 0
08:23:13 [Leitura-1] INFO  edu.ifpb.Main - Leitura-1 leu o valor: 0
08:23:13 [Leitura-2] INFO  edu.ifpb.Main - Leitura-2 leu o valor: 0
08:23:13 [Escrita] INFO  edu.ifpb.Main - Escrita escreveu o valor: 42
08:23:31 [Leitura-1] INFO  edu.ifpb.Main - Leitura-1 Está lendo
08:23:31 [Leitura-2] INFO  edu.ifpb.Main - Leitura-2 Está lendo
08:23:31 [Leitura-3] INFO  edu.ifpb.Main - Leitura-3 Está lendo
08:23:31 [Escrita] WARN  edu.ifpb.Main - Escrita - Aguardando leitores deixarem a região crítica!
08:23:31 [Leitura-1] INFO  edu.ifpb.Main - Leitura-1 leu o valor: 0
08:23:31 [Leitura-2] INFO  edu.ifpb.Main - Leitura-2 leu o valor: 0
08:23:31 [Leitura-3] INFO  edu.ifpb.Main - Leitura-3 leu o valor: 0
08:23:31 [Escrita] INFO  edu.ifpb.Main - Escrita escreveu o valor: 42
08:24:38 [Leitura-2] INFO  edu.ifpb.Main - Leitura-2 Está lendo
08:24:38 [Leitura-3] INFO  edu.ifpb.Main - Leitura-3 Está lendo
08:24:38 [Escrita] WARN  edu.ifpb.Main - Escrita - Aguardando leitores deixarem a região crítica!
08:24:38 [Leitura-1] INFO  edu.ifpb.Main - Leitura-1 Está lendo
08:24:38 [Leitura-2] INFO  edu.ifpb.Main - Leitura-2 leu o valor: 0
08:24:38 [Leitura-3] INFO  edu.ifpb.Main - Leitura-3 leu o valor: 0
08:24:38 [Leitura-1] INFO  edu.ifpb.Main - Leitura-1 leu o valor: 0
08:24:38 [Escrita] INFO  edu.ifpb.Main - Escrita escreveu o valor: 42
08:24:58 [Escrita] WARN  edu.ifpb.Main - Escrita - Aguardando leitores deixarem a região crítica!
08:24:58 [Leitura-2] INFO  edu.ifpb.Main - Leitura-2 Está lendo
08:24:58 [Leitura-3] INFO  edu.ifpb.Main - Leitura-3 Está lendo
08:24:58 [Leitura-1] INFO  edu.ifpb.Main - Leitura-1 Está lendo
08:24:58 [Leitura-3] INFO  edu.ifpb.Main - Leitura-3 leu o valor: 0
08:24:58 [Leitura-1] INFO  edu.ifpb.Main - Leitura-1 leu o valor: 0
08:24:58 [Leitura-2] INFO  edu.ifpb.Main - Leitura-2 leu o valor: 0
08:24:58 [Escrita] INFO  edu.ifpb.Main - Escrita escreveu o valor: 42
08:25:40 [Escrita] INFO  edu.ifpb.Main - Escrita escreveu o valor: 42
08:25:40 [Leitura-2] INFO  edu.ifpb.Main - Leitura-2 Está lendo
08:25:40 [Leitura-3] INFO  edu.ifpb.Main - Leitura-3 Está lendo
08:25:40 [Leitura-1] INFO  edu.ifpb.Main - Leitura-1 Está lendo
08:25:40 [Leitura-3] INFO  edu.ifpb.Main - Leitura-3 leu o valor: 42
08:25:40 [Leitura-2] INFO  edu.ifpb.Main - Leitura-2 leu o valor: 42
08:25:40 [Leitura-1] INFO  edu.ifpb.Main - Leitura-1 leu o valor: 42
08:25:55 [Leitura-1] INFO  edu.ifpb.Main - Leitura-1 Está lendo
08:25:55 [Escrita] WARN  edu.ifpb.Main - Escrita - Aguardando leitores deixarem a região crítica!
08:25:55 [Leitura-3] INFO  edu.ifpb.Main - Leitura-3 Está lendo
08:25:55 [Leitura-2] INFO  edu.ifpb.Main - Leitura-2 Está lendo
08:25:55 [Leitura-3] INFO  edu.ifpb.Main - Leitura-3 leu o valor: 0
08:25:55 [Leitura-2] INFO  edu.ifpb.Main - Leitura-2 leu o valor: 0
08:25:55 [Leitura-1] INFO  edu.ifpb.Main - Leitura-1 leu o valor: 0
08:25:55 [Escrita] INFO  edu.ifpb.Main - Escrita escreveu o valor: 42
08:28:02 [Leitura-1] INFO  edu.ifpb.Main - Leitura-1 Está lendo
08:28:02 [Escrita] WARN  edu.ifpb.Main - Escrita - Aguardando leitores deixarem a região crítica!
08:28:02 [Leitura-3] INFO  edu.ifpb.Main - Leitura-3 Está lendo
08:28:02 [Leitura-2] INFO  edu.ifpb.Main - Leitura-2 Está lendo
08:28:02 [Leitura-3] INFO  edu.ifpb.Main - Leitura-3 leu o valor: 0
08:28:02 [Leitura-1] INFO  edu.ifpb.Main - Leitura-1 leu o valor: 0
08:28:02 [Leitura-2] INFO  edu.ifpb.Main - Leitura-2 leu o valor: 0
08:28:02 [Leitura-2] INFO  edu.ifpb.Main - Não há leitores na zona região crítica
08:28:02 [Escrita] INFO  edu.ifpb.Main - Escrita escreveu o valor: 42
08:29:21 [Leitura-1] INFO  edu.ifpb.Main - Leitura-1 Está lendo
08:29:21 [Escrita] WARN  edu.ifpb.Main - Escrita - Aguardando leitores deixarem a região crítica!
08:29:21 [Leitura-3] INFO  edu.ifpb.Main - Leitura-3 Está lendo
08:29:21 [Leitura-2] INFO  edu.ifpb.Main - Leitura-2 Está lendo
08:29:21 [Leitura-3] INFO  edu.ifpb.Main - Leitura-3 leu o valor: 0
08:29:21 [Leitura-1] INFO  edu.ifpb.Main - Leitura-1 leu o valor: 0
08:29:21 [Leitura-2] INFO  edu.ifpb.Main - Leitura-2 leu o valor: 0
08:29:23 [Leitura-2] INFO  edu.ifpb.Main - Não há leitores na zona região crítica
08:29:23 [Escrita] INFO  edu.ifpb.Main - Escrita escreveu o valor: 42
08:29:56 [Leitura-1] INFO  edu.ifpb.Main - Leitura-1 Está na região crítica!
08:29:56 [Escrita] WARN  edu.ifpb.Main - Escrita - Aguardando leitores deixarem a região crítica!
08:29:56 [Leitura-3] INFO  edu.ifpb.Main - Leitura-3 Está na região crítica!
08:29:56 [Leitura-2] INFO  edu.ifpb.Main - Leitura-2 Está na região crítica!
08:29:56 [Leitura-2] INFO  edu.ifpb.Main - Leitura-2 leu o valor: 0
08:29:56 [Leitura-3] INFO  edu.ifpb.Main - Leitura-3 leu o valor: 0
08:29:56 [Leitura-1] INFO  edu.ifpb.Main - Leitura-1 leu o valor: 0
08:29:58 [Leitura-1] INFO  edu.ifpb.Main - Não há leitores na zona região crítica
08:29:58 [Escrita] INFO  edu.ifpb.Main - Escrita escreveu o valor: 42
08:30:23 [Leitura-1] INFO  edu.ifpb.Main - Leitura-1 Está na região crítica!
08:30:23 [Escrita] WARN  edu.ifpb.Main - Escrita - Aguardando leitores deixarem a região crítica!
08:30:23 [Leitura-3] INFO  edu.ifpb.Main - Leitura-3 Está na região crítica!
08:30:23 [Leitura-2] INFO  edu.ifpb.Main - Leitura-2 Está na região crítica!
08:30:25 [Leitura-1] INFO  edu.ifpb.Main - Leitura-1 leu o valor: 0
08:30:25 [Leitura-3] INFO  edu.ifpb.Main - Leitura-3 leu o valor: 0
08:30:25 [Leitura-2] INFO  edu.ifpb.Main - Leitura-2 leu o valor: 0
08:30:25 [Leitura-2] INFO  edu.ifpb.Main - Não há leitores na zona região crítica
08:30:25 [Escrita] INFO  edu.ifpb.Main - Escrita escreveu o valor: 42
08:42:10 [Leitura-1] INFO  edu.ifpb.Main - Leitura-1 Está na região crítica!
08:42:10 [Escrita] WARN  edu.ifpb.Main - Escrita - Aguardando leitores deixarem a região crítica!
08:42:10 [Leitura-3] INFO  edu.ifpb.Main - Leitura-3 Está na região crítica!
08:42:10 [Leitura-2] INFO  edu.ifpb.Main - Leitura-2 Está na região crítica!
08:42:12 [Leitura-1] INFO  edu.ifpb.Main - Leitura-1 leu o valor: 0
08:42:12 [Leitura-2] INFO  edu.ifpb.Main - Leitura-2 leu o valor: 0
08:42:12 [Leitura-3] INFO  edu.ifpb.Main - Leitura-3 leu o valor: 0
08:42:12 [Leitura-3] INFO  edu.ifpb.Main - Não há leitores na zona região crítica
08:42:12 [Escrita] INFO  edu.ifpb.Main - Escrita escreveu o valor: 42
08:42:32 [Leitura-1] INFO  edu.ifpb.Main - Leitura-1 Está na região crítica!
08:42:32 [Escrita] WARN  edu.ifpb.Main - Escrita - Aguardando leitores deixarem a região crítica!
08:42:32 [Escrita] WARN  edu.ifpb.Main - Escrita - Aguardando leitores deixarem a região crítica!
08:42:32 [Leitura-3] INFO  edu.ifpb.Main - Leitura-3 Está na região crítica!
08:42:32 [Leitura-2] INFO  edu.ifpb.Main - Leitura-2 Está na região crítica!
08:42:34 [Leitura-3] INFO  edu.ifpb.Main - Leitura-3 leu o valor: 0
08:42:34 [Leitura-1] INFO  edu.ifpb.Main - Leitura-1 leu o valor: 0
08:42:34 [Leitura-2] INFO  edu.ifpb.Main - Leitura-2 leu o valor: 0
08:42:34 [Leitura-2] INFO  edu.ifpb.Main - Não há leitores na zona região crítica
08:42:34 [Escrita] WARN  edu.ifpb.Main - Escrita - Aguardando leitores deixarem a região crítica!
08:42:34 [Escrita] INFO  edu.ifpb.Main - Escrita escreveu o valor: 42
08:42:34 [Escrita] INFO  edu.ifpb.Main - Escrita escreveu o valor: 42
08:43:04 [Leitura-1] INFO  edu.ifpb.Main - Leitura-1 Está na região crítica!
08:43:04 [Escrita-2] WARN  edu.ifpb.Main - Escrita-2 - Aguardando leitores deixarem a região crítica!
08:43:04 [Escrita-1] WARN  edu.ifpb.Main - Escrita-1 - Aguardando leitores deixarem a região crítica!
08:43:04 [Leitura-3] INFO  edu.ifpb.Main - Leitura-3 Está na região crítica!
08:43:04 [Leitura-2] INFO  edu.ifpb.Main - Leitura-2 Está na região crítica!
08:43:06 [Leitura-3] INFO  edu.ifpb.Main - Leitura-3 leu o valor: 0
08:43:06 [Leitura-1] INFO  edu.ifpb.Main - Leitura-1 leu o valor: 0
08:43:06 [Leitura-2] INFO  edu.ifpb.Main - Leitura-2 leu o valor: 0
08:43:06 [Leitura-2] INFO  edu.ifpb.Main - Não há leitores na zona região crítica
08:43:06 [Escrita-2] INFO  edu.ifpb.Main - Escrita-2 escreveu o valor: 42
08:43:06 [Escrita-1] WARN  edu.ifpb.Main - Escrita-1 - Aguardando leitores deixarem a região crítica!
08:43:06 [Escrita-1] INFO  edu.ifpb.Main - Escrita-1 escreveu o valor: 42
